<?xml version="1.0" encoding="UTF-8"?>
<!-- Generated by org.testng.reporters.JUnitReportReporter -->
<testsuite hostname="BlackHole" failures="0" tests="1" name="testng_first.OpenSooq" time="7.092" errors="0" timestamp="2022-11-30T13:10:37 EET" skipped="0">
  <testcase classname="testng_first.OpenSooq" name="check_result_mitsobishi" time="7.092"/>
  <system-out/>
</testsuite> <!-- testng_first.OpenSooq -->
