<?xml version="1.0" encoding="UTF-8"?>
<!-- Generated by org.testng.reporters.JUnitReportReporter -->
<testsuite hostname="BlackHole" failures="0" tests="1" name="testng_first.Test_class" time="0.175" errors="0" timestamp="2022-11-22T20:21:42 EET" skipped="0">
  <testcase classname="testng_first.Test_class" name="sort_items_high_to_low" time="0.175"/>
  <system-out/>
</testsuite> <!-- testng_first.Test_class -->
